android/app/build/intermediates/manifest_merge_blame_file/debug/processDebugMainManifest/manifest-merger-blame-debug-report.txt
1<?xml version="1.0" encoding="utf-8"?>
2<manifest xmlns:android="http://schemas.android.com/apk/res/android"
3    package="com.ocrmobilesdk.debug"
4    android:versionCode="1"
5    android:versionName="1.0.0-debug" >
6
7    <uses-sdk
8        android:minSdkVersion="24"
9        android:targetSdkVersion="34" />
10
11    <!-- Camera permissions for OCR and Liveness Detection -->
12    <uses-permission android:name="android.permission.CAMERA" />
12-->src/main/AndroidManifest.xml:4:5-65
12-->src/main/AndroidManifest.xml:4:22-62
13
14    <!-- Front camera feature for liveness detection -->
15    <uses-feature
15-->src/main/AndroidManifest.xml:7:5-9:36
16        android:name="android.hardware.camera.front"
16-->src/main/AndroidManifest.xml:8:9-53
17        android:required="false" />
17-->src/main/AndroidManifest.xml:9:9-33
18
19    <!-- Storage permissions for image processing -->
20    <uses-permission android:name="android.permission.READ_EXTERNAL_STORAGE" />
20-->src/main/AndroidManifest.xml:12:5-80
20-->src/main/AndroidManifest.xml:12:22-77
21    <uses-permission
21-->src/main/AndroidManifest.xml:13:5-81
22        android:name="android.permission.WRITE_EXTERNAL_STORAGE"
22-->src/main/AndroidManifest.xml:13:22-78
23        android:maxSdkVersion="29" />
23-->[:react-native-image-crop-picker] AndroidManifest.xml:15:9-35
24
25    <!-- Internet permission for potential cloud OCR services -->
26    <uses-permission android:name="android.permission.INTERNET" />
26-->src/main/AndroidManifest.xml:16:5-67
26-->src/main/AndroidManifest.xml:16:22-64
27
28    <!-- Network state for connectivity checks -->
29    <uses-permission android:name="android.permission.ACCESS_NETWORK_STATE" />
29-->src/main/AndroidManifest.xml:19:5-79
29-->src/main/AndroidManifest.xml:19:22-76
30
31    <!-- Vibration for user feedback -->
32    <uses-permission android:name="android.permission.VIBRATE" />
32-->src/main/AndroidManifest.xml:22:5-66
32-->src/main/AndroidManifest.xml:22:22-63
33
34    <!-- NFC permissions for Turkish ID card reading -->
35    <uses-permission android:name="android.permission.NFC" />
35-->src/main/AndroidManifest.xml:25:5-62
35-->src/main/AndroidManifest.xml:25:22-59
36
37    <!-- NFC feature requirement -->
38    <uses-feature
38-->src/main/AndroidManifest.xml:28:5-30:36
39        android:name="android.hardware.nfc"
39-->src/main/AndroidManifest.xml:29:9-44
40        android:required="false" />
40-->src/main/AndroidManifest.xml:30:9-33
41
42    <!-- Required camera features -->
43    <uses-feature
43-->src/main/AndroidManifest.xml:33:5-35:35
44        android:name="android.hardware.camera"
44-->src/main/AndroidManifest.xml:34:9-47
45        android:required="true" />
45-->src/main/AndroidManifest.xml:35:9-32
46    <uses-feature
46-->src/main/AndroidManifest.xml:36:5-38:36
47        android:name="android.hardware.camera.autofocus"
47-->src/main/AndroidManifest.xml:37:9-57
48        android:required="false" />
48-->src/main/AndroidManifest.xml:38:9-33
49    <uses-feature
49-->src/main/AndroidManifest.xml:39:5-41:36
50        android:name="android.hardware.camera.flash"
50-->src/main/AndroidManifest.xml:40:9-53
51        android:required="false" />
51-->src/main/AndroidManifest.xml:41:9-33
52
53    <queries>
53-->[:react-native-image-crop-picker] AndroidManifest.xml:7:5-11:15
54        <intent>
54-->[:react-native-image-crop-picker] AndroidManifest.xml:8:9-10:18
55            <action android:name="android.media.action.IMAGE_CAPTURE" />
55-->[:react-native-image-crop-picker] AndroidManifest.xml:9:13-73
55-->[:react-native-image-crop-picker] AndroidManifest.xml:9:21-70
56        </intent>
57        <intent>
57-->[androidx.camera:camera-extensions:1.5.0-alpha03] AndroidManifest.xml:23:9-25:18
58            <action android:name="androidx.camera.extensions.action.VENDOR_ACTION" />
58-->[androidx.camera:camera-extensions:1.5.0-alpha03] AndroidManifest.xml:24:13-86
58-->[androidx.camera:camera-extensions:1.5.0-alpha03] AndroidManifest.xml:24:21-83
59        </intent>
60    </queries>
61    <!--
62    This manifest file is used only by Gradle to configure debug-only capabilities
63    for React Native Apps.
64    -->
65    <uses-permission android:name="android.permission.SYSTEM_ALERT_WINDOW" />
65-->[com.facebook.react:react-android:0.74.7] AndroidManifest.xml:16:5-78
65-->[com.facebook.react:react-android:0.74.7] AndroidManifest.xml:16:22-75
66
67    <permission
67-->[androidx.core:core:1.16.0] AndroidManifest.xml:22:5-24:47
68        android:name="com.ocrmobilesdk.debug.DYNAMIC_RECEIVER_NOT_EXPORTED_PERMISSION"
68-->[androidx.core:core:1.16.0] AndroidManifest.xml:23:9-81
69        android:protectionLevel="signature" />
69-->[androidx.core:core:1.16.0] AndroidManifest.xml:24:9-44
70
71    <uses-permission android:name="com.ocrmobilesdk.debug.DYNAMIC_RECEIVER_NOT_EXPORTED_PERMISSION" />
71-->[androidx.core:core:1.16.0] AndroidManifest.xml:26:5-97
71-->[androidx.core:core:1.16.0] AndroidManifest.xml:26:22-94
72
73    <application
73-->src/main/AndroidManifest.xml:43:5-106:19
74        android:name="com.ocrmobilesdk.MainApplication"
74-->src/main/AndroidManifest.xml:44:9-40
75        android:allowBackup="false"
75-->src/main/AndroidManifest.xml:48:9-36
76        android:appComponentFactory="androidx.core.app.CoreComponentFactory"
76-->[androidx.core:core:1.16.0] AndroidManifest.xml:28:18-86
77        android:debuggable="true"
78        android:extractNativeLibs="false"
79        android:icon="@drawable/ic_launcher_foreground"
79-->src/main/AndroidManifest.xml:46:9-56
80        android:label="@string/app_name"
80-->src/main/AndroidManifest.xml:45:9-41
81        android:networkSecurityConfig="@xml/network_security_config"
81-->src/main/AndroidManifest.xml:51:9-69
82        android:roundIcon="@drawable/ic_launcher_foreground"
82-->src/main/AndroidManifest.xml:47:9-61
83        android:theme="@style/AppTheme"
83-->src/main/AndroidManifest.xml:49:9-40
84        android:usesCleartextTraffic="true" >
84-->src/main/AndroidManifest.xml:50:9-44
85        <activity
85-->src/main/AndroidManifest.xml:53:9-94:20
86            android:name="com.ocrmobilesdk.MainActivity"
86-->src/main/AndroidManifest.xml:54:13-57
87            android:configChanges="keyboard|keyboardHidden|orientation|screenLayout|screenSize|smallestScreenSize|uiMode"
87-->src/main/AndroidManifest.xml:56:13-122
88            android:exported="true"
88-->src/main/AndroidManifest.xml:59:13-36
89            android:label="@string/app_name"
89-->src/main/AndroidManifest.xml:55:13-45
90            android:launchMode="singleTask"
90-->src/main/AndroidManifest.xml:57:13-44
91            android:screenOrientation="portrait"
91-->src/main/AndroidManifest.xml:60:13-49
92            android:windowSoftInputMode="adjustResize" >
92-->src/main/AndroidManifest.xml:58:13-55
93            <intent-filter>
93-->src/main/AndroidManifest.xml:61:13-64:29
94                <action android:name="android.intent.action.MAIN" />
94-->src/main/AndroidManifest.xml:62:17-69
94-->src/main/AndroidManifest.xml:62:25-66
95
96                <category android:name="android.intent.category.LAUNCHER" />
96-->src/main/AndroidManifest.xml:63:17-77
96-->src/main/AndroidManifest.xml:63:27-74
97            </intent-filter>
98
99            <!-- Handle image files for OCR processing -->
100            <intent-filter>
100-->src/main/AndroidManifest.xml:67:13-72:29
101                <action android:name="android.intent.action.VIEW" />
101-->src/main/AndroidManifest.xml:68:17-69
101-->src/main/AndroidManifest.xml:68:25-66
102
103                <category android:name="android.intent.category.DEFAULT" />
103-->src/main/AndroidManifest.xml:69:17-76
103-->src/main/AndroidManifest.xml:69:27-73
104                <category android:name="android.intent.category.BROWSABLE" />
104-->src/main/AndroidManifest.xml:70:17-78
104-->src/main/AndroidManifest.xml:70:27-75
105
106                <data android:mimeType="image/*" />
106-->src/main/AndroidManifest.xml:71:17-52
106-->src/main/AndroidManifest.xml:71:23-49
107            </intent-filter>
108
109            <!-- NFC intent filters for foreground dispatch -->
110            <intent-filter>
110-->src/main/AndroidManifest.xml:75:13-78:29
111                <action android:name="android.nfc.action.TECH_DISCOVERED" />
111-->src/main/AndroidManifest.xml:76:17-77
111-->src/main/AndroidManifest.xml:76:25-74
112
113                <category android:name="android.intent.category.DEFAULT" />
113-->src/main/AndroidManifest.xml:69:17-76
113-->src/main/AndroidManifest.xml:69:27-73
114            </intent-filter>
115            <intent-filter>
115-->src/main/AndroidManifest.xml:80:13-83:29
116                <action android:name="android.nfc.action.TAG_DISCOVERED" />
116-->src/main/AndroidManifest.xml:81:17-76
116-->src/main/AndroidManifest.xml:81:25-73
117
118                <category android:name="android.intent.category.DEFAULT" />
118-->src/main/AndroidManifest.xml:69:17-76
118-->src/main/AndroidManifest.xml:69:27-73
119            </intent-filter>
120            <intent-filter>
120-->src/main/AndroidManifest.xml:85:13-88:29
121                <action android:name="android.nfc.action.NDEF_DISCOVERED" />
121-->src/main/AndroidManifest.xml:86:17-77
121-->src/main/AndroidManifest.xml:86:25-74
122
123                <category android:name="android.intent.category.DEFAULT" />
123-->src/main/AndroidManifest.xml:69:17-76
123-->src/main/AndroidManifest.xml:69:27-73
124            </intent-filter>
125
126            <!-- NFC tech list for ISO-DEP (used by e-passports and ID cards) -->
127            <meta-data
127-->src/main/AndroidManifest.xml:91:13-93:59
128                android:name="android.nfc.action.TECH_DISCOVERED"
128-->src/main/AndroidManifest.xml:92:17-66
129                android:resource="@xml/nfc_tech_filter" />
129-->src/main/AndroidManifest.xml:93:17-56
130        </activity>
131
132        <!-- File provider for sharing processed images -->
133        <provider
134            android:name="androidx.core.content.FileProvider"
134-->src/main/AndroidManifest.xml:98:13-62
135            android:authorities="com.ocrmobilesdk.debug.fileprovider"
135-->src/main/AndroidManifest.xml:99:13-64
136            android:exported="false"
136-->src/main/AndroidManifest.xml:100:13-37
137            android:grantUriPermissions="true" >
137-->src/main/AndroidManifest.xml:101:13-47
138            <meta-data
138-->src/main/AndroidManifest.xml:102:13-104:54
139                android:name="android.support.FILE_PROVIDER_PATHS"
139-->src/main/AndroidManifest.xml:103:17-67
140                android:resource="@xml/file_paths" />
140-->src/main/AndroidManifest.xml:104:17-51
141        </provider>
142        <provider
142-->[:react-native-image-crop-picker] AndroidManifest.xml:18:9-26:20
143            android:name="com.reactnative.ivpusic.imagepicker.IvpusicImagePickerFileProvider"
143-->[:react-native-image-crop-picker] AndroidManifest.xml:19:13-94
144            android:authorities="com.ocrmobilesdk.debug.provider"
144-->[:react-native-image-crop-picker] AndroidManifest.xml:20:13-60
145            android:exported="false"
145-->[:react-native-image-crop-picker] AndroidManifest.xml:21:13-37
146            android:grantUriPermissions="true" >
146-->[:react-native-image-crop-picker] AndroidManifest.xml:22:13-47
147            <meta-data
147-->src/main/AndroidManifest.xml:102:13-104:54
148                android:name="android.support.FILE_PROVIDER_PATHS"
148-->src/main/AndroidManifest.xml:103:17-67
149                android:resource="@xml/ivpusic_imagepicker_provider_paths" />
149-->src/main/AndroidManifest.xml:104:17-51
150        </provider>
151
152        <activity
152-->[:react-native-image-crop-picker] AndroidManifest.xml:28:9-31:72
153            android:name="com.yalantis.ucrop.UCropActivity"
153-->[:react-native-image-crop-picker] AndroidManifest.xml:29:13-60
154            android:exported="false"
154-->[:react-native-image-crop-picker] AndroidManifest.xml:30:13-37
155            android:theme="@style/Theme.AppCompat.Light.NoActionBar" /> <!-- Prompt Google Play services to install the backported photo picker module -->
155-->[:react-native-image-crop-picker] AndroidManifest.xml:31:13-69
156        <service
156-->[:react-native-image-crop-picker] AndroidManifest.xml:34:9-45:19
157            android:name="com.google.android.gms.metadata.ModuleDependencies"
157-->[:react-native-image-crop-picker] AndroidManifest.xml:35:13-78
158            android:enabled="false"
158-->[:react-native-image-crop-picker] AndroidManifest.xml:36:13-36
159            android:exported="false" >
159-->[:react-native-image-crop-picker] AndroidManifest.xml:37:13-37
160            <intent-filter>
160-->[:react-native-image-crop-picker] AndroidManifest.xml:38:13-40:29
161                <action android:name="com.google.android.gms.metadata.MODULE_DEPENDENCIES" />
161-->[:react-native-image-crop-picker] AndroidManifest.xml:39:17-94
161-->[:react-native-image-crop-picker] AndroidManifest.xml:39:25-91
162            </intent-filter>
163
164            <meta-data
164-->[:react-native-image-crop-picker] AndroidManifest.xml:42:13-44:36
165                android:name="photopicker_activity:0:required"
165-->[:react-native-image-crop-picker] AndroidManifest.xml:43:17-63
166                android:value="" />
166-->[:react-native-image-crop-picker] AndroidManifest.xml:44:17-33
167        </service>
168
169        <activity
169-->[com.facebook.react:react-android:0.74.7] AndroidManifest.xml:19:9-21:40
170            android:name="com.facebook.react.devsupport.DevSettingsActivity"
170-->[com.facebook.react:react-android:0.74.7] AndroidManifest.xml:20:13-77
171            android:exported="false" />
171-->[com.facebook.react:react-android:0.74.7] AndroidManifest.xml:21:13-37
172
173        <service
173-->[com.google.android.gms:play-services-mlkit-barcode-scanning:18.3.1] AndroidManifest.xml:9:9-15:19
174            android:name="com.google.mlkit.common.internal.MlKitComponentDiscoveryService"
174-->[com.google.android.gms:play-services-mlkit-barcode-scanning:18.3.1] AndroidManifest.xml:10:13-91
175            android:directBootAware="true"
175-->[com.google.mlkit:common:18.11.0] AndroidManifest.xml:17:13-43
176            android:exported="false" >
176-->[com.google.android.gms:play-services-mlkit-barcode-scanning:18.3.1] AndroidManifest.xml:11:13-37
177            <meta-data
177-->[com.google.android.gms:play-services-mlkit-barcode-scanning:18.3.1] AndroidManifest.xml:12:13-14:85
178                android:name="com.google.firebase.components:com.google.mlkit.vision.barcode.internal.BarcodeRegistrar"
178-->[com.google.android.gms:play-services-mlkit-barcode-scanning:18.3.1] AndroidManifest.xml:13:17-120
179                android:value="com.google.firebase.components.ComponentRegistrar" />
179-->[com.google.android.gms:play-services-mlkit-barcode-scanning:18.3.1] AndroidManifest.xml:14:17-82
180            <meta-data
180-->[com.google.android.gms:play-services-mlkit-face-detection:17.1.0] AndroidManifest.xml:12:13-14:85
181                android:name="com.google.firebase.components:com.google.mlkit.vision.face.internal.FaceRegistrar"
181-->[com.google.android.gms:play-services-mlkit-face-detection:17.1.0] AndroidManifest.xml:13:17-114
182                android:value="com.google.firebase.components.ComponentRegistrar" />
182-->[com.google.android.gms:play-services-mlkit-face-detection:17.1.0] AndroidManifest.xml:14:17-82
183            <meta-data
183-->[com.google.android.gms:play-services-mlkit-text-recognition-common:19.1.0] AndroidManifest.xml:12:13-14:85
184                android:name="com.google.firebase.components:com.google.mlkit.vision.text.internal.TextRegistrar"
184-->[com.google.android.gms:play-services-mlkit-text-recognition-common:19.1.0] AndroidManifest.xml:13:17-114
185                android:value="com.google.firebase.components.ComponentRegistrar" />
185-->[com.google.android.gms:play-services-mlkit-text-recognition-common:19.1.0] AndroidManifest.xml:14:17-82
186            <meta-data
186-->[com.google.mlkit:vision-common:17.3.0] AndroidManifest.xml:12:13-14:85
187                android:name="com.google.firebase.components:com.google.mlkit.vision.common.internal.VisionCommonRegistrar"
187-->[com.google.mlkit:vision-common:17.3.0] AndroidManifest.xml:13:17-124
188                android:value="com.google.firebase.components.ComponentRegistrar" />
188-->[com.google.mlkit:vision-common:17.3.0] AndroidManifest.xml:14:17-82
189            <meta-data
189-->[com.google.mlkit:common:18.11.0] AndroidManifest.xml:20:13-22:85
190                android:name="com.google.firebase.components:com.google.mlkit.common.internal.CommonComponentRegistrar"
190-->[com.google.mlkit:common:18.11.0] AndroidManifest.xml:21:17-120
191                android:value="com.google.firebase.components.ComponentRegistrar" />
191-->[com.google.mlkit:common:18.11.0] AndroidManifest.xml:22:17-82
192        </service>
193
194        <provider
194-->[com.google.mlkit:common:18.11.0] AndroidManifest.xml:9:9-13:38
195            android:name="com.google.mlkit.common.internal.MlKitInitProvider"
195-->[com.google.mlkit:common:18.11.0] AndroidManifest.xml:10:13-78
196            android:authorities="com.ocrmobilesdk.debug.mlkitinitprovider"
196-->[com.google.mlkit:common:18.11.0] AndroidManifest.xml:11:13-69
197            android:exported="false"
197-->[com.google.mlkit:common:18.11.0] AndroidManifest.xml:12:13-37
198            android:initOrder="99" />
198-->[com.google.mlkit:common:18.11.0] AndroidManifest.xml:13:13-35
199
200        <uses-library
200-->[androidx.camera:camera-extensions:1.5.0-alpha03] AndroidManifest.xml:29:9-31:40
201            android:name="androidx.camera.extensions.impl"
201-->[androidx.camera:camera-extensions:1.5.0-alpha03] AndroidManifest.xml:30:13-59
202            android:required="false" />
202-->[androidx.camera:camera-extensions:1.5.0-alpha03] AndroidManifest.xml:31:13-37
203
204        <service
204-->[androidx.camera:camera-camera2:1.5.0-alpha03] AndroidManifest.xml:24:9-33:19
205            android:name="androidx.camera.core.impl.MetadataHolderService"
205-->[androidx.camera:camera-camera2:1.5.0-alpha03] AndroidManifest.xml:25:13-75
206            android:enabled="false"
206-->[androidx.camera:camera-camera2:1.5.0-alpha03] AndroidManifest.xml:26:13-36
207            android:exported="false" >
207-->[androidx.camera:camera-camera2:1.5.0-alpha03] AndroidManifest.xml:27:13-37
208            <meta-data
208-->[androidx.camera:camera-camera2:1.5.0-alpha03] AndroidManifest.xml:30:13-32:89
209                android:name="androidx.camera.core.impl.MetadataHolderService.DEFAULT_CONFIG_PROVIDER"
209-->[androidx.camera:camera-camera2:1.5.0-alpha03] AndroidManifest.xml:31:17-103
210                android:value="androidx.camera.camera2.Camera2Config$DefaultProvider" />
210-->[androidx.camera:camera-camera2:1.5.0-alpha03] AndroidManifest.xml:32:17-86
211        </service>
212
213        <activity
213-->[com.google.android.gms:play-services-base:18.5.0] AndroidManifest.xml:5:9-173
214            android:name="com.google.android.gms.common.api.GoogleApiActivity"
214-->[com.google.android.gms:play-services-base:18.5.0] AndroidManifest.xml:5:19-85
215            android:exported="false"
215-->[com.google.android.gms:play-services-base:18.5.0] AndroidManifest.xml:5:146-170
216            android:theme="@android:style/Theme.Translucent.NoTitleBar" />
216-->[com.google.android.gms:play-services-base:18.5.0] AndroidManifest.xml:5:86-145
217
218        <meta-data
218-->[com.google.android.gms:play-services-basement:18.4.0] AndroidManifest.xml:6:9-122
219            android:name="com.google.android.gms.version"
219-->[com.google.android.gms:play-services-basement:18.4.0] AndroidManifest.xml:6:20-65
220            android:value="@integer/google_play_services_version" />
220-->[com.google.android.gms:play-services-basement:18.4.0] AndroidManifest.xml:6:66-119
221
222        <provider
222-->[androidx.emoji2:emoji2:1.3.0] AndroidManifest.xml:24:9-32:20
223            android:name="androidx.startup.InitializationProvider"
223-->[androidx.emoji2:emoji2:1.3.0] AndroidManifest.xml:25:13-67
224            android:authorities="com.ocrmobilesdk.debug.androidx-startup"
224-->[androidx.emoji2:emoji2:1.3.0] AndroidManifest.xml:26:13-68
225            android:exported="false" >
225-->[androidx.emoji2:emoji2:1.3.0] AndroidManifest.xml:27:13-37
226            <meta-data
226-->[androidx.emoji2:emoji2:1.3.0] AndroidManifest.xml:29:13-31:52
227                android:name="androidx.emoji2.text.EmojiCompatInitializer"
227-->[androidx.emoji2:emoji2:1.3.0] AndroidManifest.xml:30:17-75
228                android:value="androidx.startup" />
228-->[androidx.emoji2:emoji2:1.3.0] AndroidManifest.xml:31:17-49
229            <meta-data
229-->[androidx.lifecycle:lifecycle-process:2.8.7] AndroidManifest.xml:29:13-31:52
230                android:name="androidx.lifecycle.ProcessLifecycleInitializer"
230-->[androidx.lifecycle:lifecycle-process:2.8.7] AndroidManifest.xml:30:17-78
231                android:value="androidx.startup" />
231-->[androidx.lifecycle:lifecycle-process:2.8.7] AndroidManifest.xml:31:17-49
232            <meta-data
232-->[androidx.profileinstaller:profileinstaller:1.4.1] AndroidManifest.xml:29:13-31:52
233                android:name="androidx.profileinstaller.ProfileInstallerInitializer"
233-->[androidx.profileinstaller:profileinstaller:1.4.1] AndroidManifest.xml:30:17-85
234                android:value="androidx.startup" />
234-->[androidx.profileinstaller:profileinstaller:1.4.1] AndroidManifest.xml:31:17-49
235        </provider>
236
237        <receiver
237-->[androidx.profileinstaller:profileinstaller:1.4.1] AndroidManifest.xml:34:9-52:20
238            android:name="androidx.profileinstaller.ProfileInstallReceiver"
238-->[androidx.profileinstaller:profileinstaller:1.4.1] AndroidManifest.xml:35:13-76
239            android:directBootAware="false"
239-->[androidx.profileinstaller:profileinstaller:1.4.1] AndroidManifest.xml:36:13-44
240            android:enabled="true"
240-->[androidx.profileinstaller:profileinstaller:1.4.1] AndroidManifest.xml:37:13-35
241            android:exported="true"
241-->[androidx.profileinstaller:profileinstaller:1.4.1] AndroidManifest.xml:38:13-36
242            android:permission="android.permission.DUMP" >
242-->[androidx.profileinstaller:profileinstaller:1.4.1] AndroidManifest.xml:39:13-57
243            <intent-filter>
243-->[androidx.profileinstaller:profileinstaller:1.4.1] AndroidManifest.xml:40:13-42:29
244                <action android:name="androidx.profileinstaller.action.INSTALL_PROFILE" />
244-->[androidx.profileinstaller:profileinstaller:1.4.1] AndroidManifest.xml:41:17-91
244-->[androidx.profileinstaller:profileinstaller:1.4.1] AndroidManifest.xml:41:25-88
245            </intent-filter>
246            <intent-filter>
246-->[androidx.profileinstaller:profileinstaller:1.4.1] AndroidManifest.xml:43:13-45:29
247                <action android:name="androidx.profileinstaller.action.SKIP_FILE" />
247-->[androidx.profileinstaller:profileinstaller:1.4.1] AndroidManifest.xml:44:17-85
247-->[androidx.profileinstaller:profileinstaller:1.4.1] AndroidManifest.xml:44:25-82
248            </intent-filter>
249            <intent-filter>
249-->[androidx.profileinstaller:profileinstaller:1.4.1] AndroidManifest.xml:46:13-48:29
250                <action android:name="androidx.profileinstaller.action.SAVE_PROFILE" />
250-->[androidx.profileinstaller:profileinstaller:1.4.1] AndroidManifest.xml:47:17-88
250-->[androidx.profileinstaller:profileinstaller:1.4.1] AndroidManifest.xml:47:25-85
251            </intent-filter>
252            <intent-filter>
252-->[androidx.profileinstaller:profileinstaller:1.4.1] AndroidManifest.xml:49:13-51:29
253                <action android:name="androidx.profileinstaller.action.BENCHMARK_OPERATION" />
253-->[androidx.profileinstaller:profileinstaller:1.4.1] AndroidManifest.xml:50:17-95
253-->[androidx.profileinstaller:profileinstaller:1.4.1] AndroidManifest.xml:50:25-92
254            </intent-filter>
255        </receiver>
256
257        <meta-data
257-->[com.facebook.soloader:soloader:0.10.5] AndroidManifest.xml:12:9-14:37
258            android:name="com.facebook.soloader.enabled"
258-->[com.facebook.soloader:soloader:0.10.5] AndroidManifest.xml:13:13-57
259            android:value="false" />
259-->[com.facebook.soloader:soloader:0.10.5] AndroidManifest.xml:14:13-34
260
261        <service
261-->[com.google.android.datatransport:transport-backend-cct:2.3.3] AndroidManifest.xml:29:9-35:19
262            android:name="com.google.android.datatransport.runtime.backends.TransportBackendDiscovery"
262-->[com.google.android.datatransport:transport-backend-cct:2.3.3] AndroidManifest.xml:30:13-103
263            android:exported="false" >
263-->[com.google.android.datatransport:transport-backend-cct:2.3.3] AndroidManifest.xml:31:13-37
264            <meta-data
264-->[com.google.android.datatransport:transport-backend-cct:2.3.3] AndroidManifest.xml:32:13-34:39
265                android:name="backend:com.google.android.datatransport.cct.CctBackendFactory"
265-->[com.google.android.datatransport:transport-backend-cct:2.3.3] AndroidManifest.xml:33:17-94
266                android:value="cct" />
266-->[com.google.android.datatransport:transport-backend-cct:2.3.3] AndroidManifest.xml:34:17-36
267        </service>
268        <service
268-->[com.google.android.datatransport:transport-runtime:2.2.6] AndroidManifest.xml:26:9-30:19
269            android:name="com.google.android.datatransport.runtime.scheduling.jobscheduling.JobInfoSchedulerService"
269-->[com.google.android.datatransport:transport-runtime:2.2.6] AndroidManifest.xml:27:13-117
270            android:exported="false"
270-->[com.google.android.datatransport:transport-runtime:2.2.6] AndroidManifest.xml:28:13-37
271            android:permission="android.permission.BIND_JOB_SERVICE" >
271-->[com.google.android.datatransport:transport-runtime:2.2.6] AndroidManifest.xml:29:13-69
272        </service>
273
274        <receiver
274-->[com.google.android.datatransport:transport-runtime:2.2.6] AndroidManifest.xml:32:9-34:40
275            android:name="com.google.android.datatransport.runtime.scheduling.jobscheduling.AlarmManagerSchedulerBroadcastReceiver"
275-->[com.google.android.datatransport:transport-runtime:2.2.6] AndroidManifest.xml:33:13-132
276            android:exported="false" />
276-->[com.google.android.datatransport:transport-runtime:2.2.6] AndroidManifest.xml:34:13-37
277    </application>
278
279</manifest>